<?xml version="1.0" encoding="UTF-8"?>
<beans default-lazy-init="false" xmlns="http://www.springframework.org/schema/beans" xmlns:aop="http://www.springframework.org/schema/aop" xmlns:context="http://www.springframework.org/schema/context" xmlns:mvc="http://www.springframework.org/schema/mvc" xmlns:tx="http://www.springframework.org/schema/tx" xmlns:xsi="http://www.w3.org/2001/XMLSchema-instance" xmlns:jaxws="http://cxf.apache.org/jaxws" xmlns:util="http://www.springframework.org/schema/util" xmlns:codedriver="http://codedriver.techsure.com/schema/codedriver"
	xsi:schemaLocation="http://www.springframework.org/schema/aop
		http://www.springframework.org/schema/aop/spring-aop.xsd 
		http://www.springframework.org/schema/beans 
		http://www.springframework.org/schema/beans/spring-beans.xsd 
		http://www.springframework.org/schema/context 
		http://www.springframework.org/schema/context/spring-context.xsd 
		http://www.springframework.org/schema/mvc 
		http://www.springframework.org/schema/mvc/spring-mvc.xsd 
		http://www.springframework.org/schema/tx 
		http://www.springframework.org/schema/tx/spring-tx.xsd
		http://www.springframework.org/schema/util
		http://www.springframework.org/schema/util/spring-util.xsd
		http://codedriver.techsure.com/schema/codedriver
		http://codedriver.techsure.com/schema/codedriver.xsd">

	<codedriver:module id="test" name="测试模块" urlMapping="/module/process/*"/>
	
	<!-- TODO 临时后端测试页面试用  start-->
	<bean class="org.springframework.web.servlet.view.InternalResourceViewResolver">
		<property name="prefix" value="/WEB-INF/views/module/process/" />
		<property name="suffix" value=".jsp" />
	</bean>
    <!-- TODO 临时后端测试页面试用  end-->
	<context:component-scan base-package="codedriver.module.test" />

	<context:annotation-config />

	<tx:annotation-driven transaction-manager="transactionManager" />

	<aop:aspectj-autoproxy expose-proxy="true" />

	<mvc:annotation-driven />

	<bean class="org.mybatis.spring.mapper.MapperScannerConfigurer">
		<property name="basePackage" value="codedriver.module.test.dao.mapper" />
	</bean>

	<bean id="sqlSessionFactory" class="org.mybatis.spring.SqlSessionFactoryBean">
		<property name="dataSource" ref="dataSource" />
		<property name="mapperLocations">
			<list>
				<value>classpath:codedriver/module/test/dao/mapper/**/*.xml</value>
			</list>
		</property>
	</bean>
	

	
</beans>
